<?xml version="1.0" encoding="UTF-8"?>
<!-- Generated by org.testng.reporters.JUnitReportReporter -->
<testsuite skipped="0" hostname="LAPTOP-69FGUGVH" name="Login.TC8" tests="1" failures="0" timestamp="04 Oct 2021 11:03:38 GMT" time="12.132" errors="0">
  <testcase name="TC8" time="12.132" classname="Login.TC8"/>
</testsuite> <!-- Login.TC8 -->
