<?xml version="1.0" encoding="UTF-8"?>
<!-- Generated by org.testng.reporters.JUnitReportReporter -->
<testsuite skipped="0" hostname="LAPTOP-69FGUGVH" name="Login.TC6" tests="1" failures="0" timestamp="04 Oct 2021 07:55:29 GMT" time="29.702" errors="0">
  <testcase name="TC6" time="29.702" classname="Login.TC6"/>
</testsuite> <!-- Login.TC6 -->
