<?xml version="1.0" encoding="UTF-8"?>
<!-- Generated by org.testng.reporters.JUnitReportReporter -->
<testsuite skipped="0" hostname="LAPTOP-69FGUGVH" name="Login.TC1" tests="1" failures="0" timestamp="04 Oct 2021 10:54:03 GMT" time="25.135" errors="0">
  <testcase name="TC1" time="25.135" classname="Login.TC1"/>
</testsuite> <!-- Login.TC1 -->
