<?xml version="1.0" encoding="UTF-8"?>
<!-- Generated by org.testng.reporters.JUnitReportReporter -->
<testsuite skipped="0" hostname="LAPTOP-69FGUGVH" name="Login.TC4" tests="1" failures="0" timestamp="04 Oct 2021 10:58:58 GMT" time="37.980" errors="0">
  <testcase name="TC4" time="37.980" classname="Login.TC4"/>
</testsuite> <!-- Login.TC4 -->
