<?xml version="1.0" encoding="UTF-8"?>
<!-- Generated by org.testng.reporters.JUnitReportReporter -->
<testsuite skipped="0" hostname="LAPTOP-69FGUGVH" name="Login.TC3" tests="1" failures="0" timestamp="04 Oct 2021 10:57:22 GMT" time="14.612" errors="0">
  <testcase name="TC3" time="14.612" classname="Login.TC3"/>
</testsuite> <!-- Login.TC3 -->
