<?xml version="1.0" encoding="UTF-8"?>
<!-- Generated by org.testng.reporters.JUnitReportReporter -->
<testsuite skipped="0" hostname="LAPTOP-69FGUGVH" name="Login.TC5" tests="1" failures="0" timestamp="04 Oct 2021 11:00:54 GMT" time="12.094" errors="0">
  <testcase name="TC5" time="12.094" classname="Login.TC5"/>
</testsuite> <!-- Login.TC5 -->
