<?xml version="1.0" encoding="UTF-8"?>
<!-- Generated by org.testng.reporters.JUnitReportReporter -->
<testsuite skipped="0" hostname="LAPTOP-69FGUGVH" name="Login.TC2" tests="1" failures="0" timestamp="04 Oct 2021 10:55:38 GMT" time="6.134" errors="0">
  <testcase name="TC2" time="6.134" classname="Login.TC2"/>
</testsuite> <!-- Login.TC2 -->
